<?xml version="1.0" encoding="UTF-8"?>
<testng-results ignored="0" total="1" passed="1" failed="0" skipped="0">
  <reporter-output>
  </reporter-output>
  <suite started-at="2023-12-21T05:57:18Z" name="com.rbhprac.testscript.TestScriptClass1" finished-at="2023-12-21T05:57:18Z" duration-ms="42">
    <groups>
    </groups>
    <test started-at="2023-12-21T05:57:18Z" name="Command line test" finished-at="2023-12-21T05:57:18Z" duration-ms="42">
      <class name="com.rbhprac.testscript.TestScriptClass1">
        <test-method signature="doSomethingClass1()[pri:0, instance:com.rbhprac.testscript.TestScriptClass1@130161f7]" started-at="2023-12-21T05:57:18Z" name="doSomethingClass1" finished-at="2023-12-21T05:57:18Z" duration-ms="13" status="PASS">
          <reporter-output>
          </reporter-output>
        </test-method> <!-- doSomethingClass1 -->
      </class> <!-- com.rbhprac.testscript.TestScriptClass1 -->
    </test> <!-- Command line test -->
  </suite> <!-- com.rbhprac.testscript.TestScriptClass1 -->
</testng-results>
