<?xml version="1.0" encoding="UTF-8"?>
<testng-results ignored="0" total="1" passed="1" failed="0" skipped="0">
  <reporter-output>
  </reporter-output>
  <suite started-at="2023-12-20T10:10:31Z" name="Suite" finished-at="2023-12-20T10:10:31Z" duration-ms="37">
    <groups>
    </groups>
    <test started-at="2023-12-20T10:10:31Z" name="Test" finished-at="2023-12-20T10:10:31Z" duration-ms="37">
      <class name="com.rbhprac.testscript.TestScriptClass1">
        <test-method signature="doSomethingClass1()[pri:0, instance:com.rbhprac.testscript.TestScriptClass1@5a3bc7ed]" started-at="2023-12-20T10:10:31Z" name="doSomethingClass1" finished-at="2023-12-20T10:10:31Z" duration-ms="12" status="PASS">
          <reporter-output>
          </reporter-output>
        </test-method> <!-- doSomethingClass1 -->
      </class> <!-- com.rbhprac.testscript.TestScriptClass1 -->
    </test> <!-- Test -->
  </suite> <!-- Suite -->
</testng-results>
